<?xml version="1.0" encoding="UTF-8"?>
<!-- Generated by org.testng.reporters.JUnitReportReporter -->
<testsuite hostname="DESKTOP-6RR0I9J" failures="0" tests="6" name="com.qc.test.Registration" time="17.534" errors="0" timestamp="2022-04-05T12:51:25 IST" skipped="0">
  <testcase classname="com.qc.test.Registration" name="doRegister" time="2.984"/>
  <system-out/>
  <testcase classname="com.qc.test.Registration" name="doRegister" time="3.019"/>
  <system-out/>
  <testcase classname="com.qc.test.Registration" name="doRegister" time="2.794"/>
  <system-out/>
  <testcase classname="com.qc.test.Registration" name="doRegister" time="2.794"/>
  <system-out/>
  <testcase classname="com.qc.test.Registration" name="doRegister" time="2.756"/>
  <system-out/>
  <testcase classname="com.qc.test.Registration" name="doRegister" time="3.187"/>
  <system-out/>
</testsuite> <!-- com.qc.test.Registration -->
